[debug] [2023-08-21T05:29:32.197Z] ----------------------------------------------------------------------
[debug] [2023-08-21T05:29:32.200Z] Command:       C:\Program Files\nodejs\node.exe C:\Users\Nizam\AppData\Roaming\npm\node_modules\firebase-tools\lib\bin\firebase.js init
[debug] [2023-08-21T05:29:32.201Z] CLI Version:   12.4.0
[debug] [2023-08-21T05:29:32.201Z] Platform:      win32
[debug] [2023-08-21T05:29:32.202Z] Node Version:  v18.12.1
[debug] [2023-08-21T05:29:32.203Z] Time:          Mon Aug 21 2023 11:29:32 GMT+0600 (Bangladesh Standard Time)
[debug] [2023-08-21T05:29:32.203Z] ----------------------------------------------------------------------
[debug] 
[debug] [2023-08-21T05:29:32.208Z] >>> [apiv2][query] GET https://firebase-public.firebaseio.com/cli.json [none]
[debug] [2023-08-21T05:29:32.282Z] > command requires scopes: ["email","openid","https://www.googleapis.com/auth/cloudplatformprojects.readonly","https://www.googleapis.com/auth/firebase","https://www.googleapis.com/auth/cloud-platform"]
[debug] [2023-08-21T05:29:32.282Z] > authorizing via signed-in user (nizamuddin2020ctg@gmail.com)
[info] 
     ######## #### ########  ######## ########     ###     ######  ########
     ##        ##  ##     ## ##       ##     ##  ##   ##  ##       ##
     ######    ##  ########  ######   ########  #########  ######  ######
     ##        ##  ##    ##  ##       ##     ## ##     ##       ## ##
     ##       #### ##     ## ######## ########  ##     ##  ######  ########

You're about to initialize a Firebase project in this directory:

  E:\Endgame Projects\Milstone-1\weather-cast

[debug] [2023-08-21T05:29:32.968Z] <<< [apiv2][status] GET https://firebase-public.firebaseio.com/cli.json 200
[debug] [2023-08-21T05:29:32.968Z] <<< [apiv2][body] GET https://firebase-public.firebaseio.com/cli.json {"cloudBuildErrorAfter":1594252800000,"cloudBuildWarnAfter":1590019200000,"defaultNode10After":1594252800000,"minVersion":"3.0.5","node8DeploysDisabledAfter":1613390400000,"node8RuntimeDisabledAfter":1615809600000,"node8WarnAfter":1600128000000}
